<?xml version="1.0" encoding="UTF-8"?>
<!-- Generated by org.testng.reporters.JUnitReportReporter -->
<testsuite hostname="IN-PG0351TV" failures="0" tests="1" name="Basic.MyScript" time="6.212" errors="0" timestamp="11 Apr 2024 05:23:59 GMT" skipped="0">
  <testcase classname="Basic.MyScript" name="test" time="6.212"/>
</testsuite> <!-- Basic.MyScript -->
